Using pre-set license
Built from '2021.3/staging' branch; Version is '2021.3.2f1 (d6360bedb9a0) revision 14038539'; Using compiler version '192829333'; Build Type 'Release'
OS: 'Windows 10  (10.0.19045) 64bit Enterprise' Language: 'en' Physical Memory: 16329 MB
BatchMode: 1, IsHumanControllingUs: 0, StartBugReporterOnCrash: 0, Is64bit: 1, IsPro: 1

COMMAND LINE ARGUMENTS:
C:\Program Files\Unity\Hub\Editor\2021.3.2f1\Editor\Unity.exe
-adb2
-batchMode
-noUpm
-name
AssetImportWorker8
-projectPath
F:/Work/Unity Game Project/PirateKing/PirateKing
-logFile
Logs/AssetImportWorker8.log
-srvPort
51402
Successfully changed project path to: F:/Work/Unity Game Project/PirateKing/PirateKing
F:/Work/Unity Game Project/PirateKing/PirateKing
[UnityMemory] Configuration Parameters - Can be set up in boot.config
    "memorysetup-bucket-allocator-granularity=16"
    "memorysetup-bucket-allocator-bucket-count=8"
    "memorysetup-bucket-allocator-block-size=33554432"
    "memorysetup-bucket-allocator-block-count=8"
    "memorysetup-main-allocator-block-size=16777216"
    "memorysetup-thread-allocator-block-size=16777216"
    "memorysetup-gfx-main-allocator-block-size=16777216"
    "memorysetup-gfx-thread-allocator-block-size=16777216"
    "memorysetup-cache-allocator-block-size=4194304"
    "memorysetup-typetree-allocator-block-size=2097152"
    "memorysetup-profiler-bucket-allocator-granularity=16"
    "memorysetup-profiler-bucket-allocator-bucket-count=8"
    "memorysetup-profiler-bucket-allocator-block-size=33554432"
    "memorysetup-profiler-bucket-allocator-block-count=8"
    "memorysetup-profiler-allocator-block-size=16777216"
    "memorysetup-profiler-editor-allocator-block-size=1048576"
    "memorysetup-temp-allocator-size-main=16777216"
    "memorysetup-job-temp-allocator-block-size=2097152"
    "memorysetup-job-temp-allocator-block-size-background=1048576"
    "memorysetup-job-temp-allocator-reduction-small-platforms=262144"
    "memorysetup-temp-allocator-size-background-worker=32768"
    "memorysetup-temp-allocator-size-job-worker=262144"
    "memorysetup-temp-allocator-size-preload-manager=33554432"
    "memorysetup-temp-allocator-size-nav-mesh-worker=65536"
    "memorysetup-temp-allocator-size-audio-worker=65536"
    "memorysetup-temp-allocator-size-cloud-worker=32768"
    "memorysetup-temp-allocator-size-gi-baking-worker=262144"
    "memorysetup-temp-allocator-size-gfx=262144"
Refreshing native plugins compatible for Editor in 105.81 ms, found 3 plugins.
Preloading 0 native plugins for Editor in 0.00 ms.
Initialize engine version: 2021.3.2f1 (d6360bedb9a0)
[Subsystems] Discovering subsystems at path C:/Program Files/Unity/Hub/Editor/2021.3.2f1/Editor/Data/Resources/UnitySubsystems
[Subsystems] Discovering subsystems at path F:/Work/Unity Game Project/PirateKing/PirateKing/Assets
GfxDevice: creating device client; threaded=0; jobified=0
Direct3D:
    Version:  Direct3D 11.0 [level 11.0]
    Renderer: NVIDIA GeForce GT 710 (ID=0x128b)
    Vendor:   NVIDIA
    VRAM:     2007 MB
    Driver:   30.0.14.7381
Initialize mono
Mono path[0] = 'C:/Program Files/Unity/Hub/Editor/2021.3.2f1/Editor/Data/Managed'
Mono path[1] = 'C:/Program Files/Unity/Hub/Editor/2021.3.2f1/Editor/Data/MonoBleedingEdge/lib/mono/unityjit-win32'
Mono config path = 'C:/Program Files/Unity/Hub/Editor/2021.3.2f1/Editor/Data/MonoBleedingEdge/etc'
Using monoOptions --debugger-agent=transport=dt_socket,embedding=1,server=y,suspend=n,address=127.0.0.1:56472
Begin MonoManager ReloadAssembly
Registering precompiled unity dll's ...
Register platform support module: C:/Program Files/Unity/Hub/Editor/2021.3.2f1/Editor/Data/PlaybackEngines/AndroidPlayer/UnityEditor.Android.Extensions.dll
Register platform support module: C:/Program Files/Unity/Hub/Editor/2021.3.2f1/Editor/Data/PlaybackEngines/WindowsStandaloneSupport/UnityEditor.WindowsStandalone.Extensions.dll
Registered in 0.007060 seconds.
Native extension for WindowsStandalone target not found
Native extension for Android target not found
Refreshing native plugins compatible for Editor in 97.68 ms, found 3 plugins.
Preloading 0 native plugins for Editor in 0.00 ms.
Mono: successfully reloaded assembly
- Completed reload, in  0.552 seconds
Domain Reload Profiling:
	ReloadAssembly (553ms)
		BeginReloadAssembly (60ms)
			ExecutionOrderSort (0ms)
			DisableScriptedObjects (0ms)
			BackupInstance (0ms)
			ReleaseScriptingObjects (0ms)
			CreateAndSetChildDomain (1ms)
		EndReloadAssembly (398ms)
			LoadAssemblies (58ms)
			RebuildTransferFunctionScriptingTraits (0ms)
			SetupTypeCache (86ms)
			ReleaseScriptCaches (0ms)
			RebuildScriptCaches (21ms)
			SetupLoadedEditorAssemblies (250ms)
				LogAssemblyErrors (0ms)
				InitializePlatformSupportModulesInManaged (45ms)
				SetLoadedEditorAssemblies (0ms)
				RefreshPlugins (98ms)
				BeforeProcessingInitializeOnLoad (1ms)
				ProcessInitializeOnLoadAttributes (73ms)
				ProcessInitializeOnLoadMethodAttributes (33ms)
				AfterProcessingInitializeOnLoad (0ms)
				EditorAssembliesLoaded (0ms)
			ExecutionOrderSort2 (0ms)
			AwakeInstancesAfterBackupRestoration (0ms)
Platform modules already initialized, skipping
Registering precompiled user dll's ...
Registered in 0.004508 seconds.
Begin MonoManager ReloadAssembly
Symbol file LoadedFromMemory doesn't match image F:\Work\Unity Game Project\PirateKing\PirateKing\Library\PackageCache\com.unity.visualscripting@1.7.6\Editor\VisualScripting.Core\Dependencies\YamlDotNet\Unity.VisualScripting.YamlDotNet.dll
Symbol file LoadedFromMemory doesn't match image F:\Work\Unity Game Project\PirateKing\PirateKing\Library\PackageCache\com.unity.visualscripting@1.7.6\Editor\VisualScripting.Core\Dependencies\DotNetZip\Unity.VisualScripting.IonicZip.dll
Native extension for WindowsStandalone target not found
Native extension for Android target not found
Refreshing native plugins compatible for Editor in 100.91 ms, found 3 plugins.
Preloading 0 native plugins for Editor in 0.00 ms.
Mono: successfully reloaded assembly
- Completed reload, in  1.166 seconds
Domain Reload Profiling:
	ReloadAssembly (1167ms)
		BeginReloadAssembly (202ms)
			ExecutionOrderSort (0ms)
			DisableScriptedObjects (5ms)
			BackupInstance (0ms)
			ReleaseScriptingObjects (0ms)
			CreateAndSetChildDomain (126ms)
		EndReloadAssembly (869ms)
			LoadAssemblies (71ms)
			RebuildTransferFunctionScriptingTraits (0ms)
			SetupTypeCache (225ms)
			ReleaseScriptCaches (1ms)
			RebuildScriptCaches (53ms)
			SetupLoadedEditorAssemblies (490ms)
				LogAssemblyErrors (0ms)
				InitializePlatformSupportModulesInManaged (11ms)
				SetLoadedEditorAssemblies (0ms)
				RefreshPlugins (101ms)
				BeforeProcessingInitializeOnLoad (91ms)
				ProcessInitializeOnLoadAttributes (215ms)
				ProcessInitializeOnLoadMethodAttributes (66ms)
				AfterProcessingInitializeOnLoad (7ms)
				EditorAssembliesLoaded (0ms)
			ExecutionOrderSort2 (0ms)
			AwakeInstancesAfterBackupRestoration (4ms)
Platform modules already initialized, skipping
========================================================================
Worker process is ready to serve import requests
Launched and connected shader compiler UnityShaderCompiler.exe after 0.03 seconds
Refreshing native plugins compatible for Editor in 1.09 ms, found 3 plugins.
Preloading 0 native plugins for Editor in 0.00 ms.
Unloading 5345 Unused Serialized files (Serialized files now loaded: 0)
Unloading 45 unused Assets / (457.4 KB). Loaded Objects now: 5816.
Memory consumption went from 234.2 MB to 233.8 MB.
Total: 3.900900 ms (FindLiveObjects: 0.546000 ms CreateObjectMapping: 0.152400 ms MarkObjects: 2.938200 ms  DeleteObjects: 0.263300 ms)

AssetImportParameters requested are different than current active one (requested -> active):
  custom:video-decoder-ogg-theora: a1e56fd34408186e4bbccfd4996cb3dc -> 
  custom:container-muxer-webm: aa71ff27fc2769a1b78a27578f13a17b -> 
  custom:container-demuxer-webm: 4f35f7cbe854078d1ac9338744f61a02 -> 
  custom:video-encoder-webm-vp8: eb34c28f22e8b96e1ab97ce403110664 -> 
  custom:audio-encoder-webm-vorbis: bf7c407c2cedff20999df2af8eb42d56 -> 
  custom:framework-win-MediaFoundation: 216162199b28c13a410421893ffa2e32 -> 
  custom:container-demuxer-ogg: 62fdf1f143b41e24485cea50d1cbac27 -> 
  custom:video-decoder-webm-vp8: 9c59270c3fd7afecdb556c50c9e8de78 -> 
  custom:audio-decoder-ogg-vorbis: bf7c407c2cedff20999df2af8eb42d56 -> 
========================================================================
Received Import Request.
  Time since last request: 348330.758330 seconds.
  path: Assets/ShipControlGame/Prefab/Red Boats/GreenBoat 2.prefab
  artifactKey: Guid(78ccc5e2f896f174db3835e58bdf9578) Importer(815301076,1909f56bfc062723c751e8b465ee728b)
Start importing Assets/ShipControlGame/Prefab/Red Boats/GreenBoat 2.prefab using Guid(78ccc5e2f896f174db3835e58bdf9578) Importer(815301076,1909f56bfc062723c751e8b465ee728b)  -> (artifact id: '91ac7529dc0eef34d936cfbd6ee783f5') in 0.371261 seconds 
========================================================================
Received Import Request.
  Time since last request: 0.000029 seconds.
  path: Assets/ShipControlGame/Prefab/Red Boats/GreenBoat 4.prefab
  artifactKey: Guid(adde0084a0b94a54d96c0be75af2cf96) Importer(815301076,1909f56bfc062723c751e8b465ee728b)
Start importing Assets/ShipControlGame/Prefab/Red Boats/GreenBoat 4.prefab using Guid(adde0084a0b94a54d96c0be75af2cf96) Importer(815301076,1909f56bfc062723c751e8b465ee728b)  -> (artifact id: '1dc6d4ac5409bf6fe4f5c0ffb1b3debd') in 0.126367 seconds 
========================================================================
Received Import Request.
  Time since last request: 3.999790 seconds.
  path: Assets/ShipControlGame/Prefab/Yellow boat/GreenBoat 2.prefab
  artifactKey: Guid(7c29a7f3f1b5f3644be19a86db4370c2) Importer(815301076,1909f56bfc062723c751e8b465ee728b)
Start importing Assets/ShipControlGame/Prefab/Yellow boat/GreenBoat 2.prefab using Guid(7c29a7f3f1b5f3644be19a86db4370c2) Importer(815301076,1909f56bfc062723c751e8b465ee728b)  -> (artifact id: 'cfdf67b49b8958931388bf06f118c3a1') in 0.105252 seconds 
========================================================================
Received Import Request.
  Time since last request: 0.000026 seconds.
  path: Assets/ShipControlGame/Prefab/Yellow boat/GreenBoat 4.prefab
  artifactKey: Guid(5df2808c728b3b74ba93653acc527e83) Importer(815301076,1909f56bfc062723c751e8b465ee728b)
Start importing Assets/ShipControlGame/Prefab/Yellow boat/GreenBoat 4.prefab using Guid(5df2808c728b3b74ba93653acc527e83) Importer(815301076,1909f56bfc062723c751e8b465ee728b)  -> (artifact id: 'ea76ad4c0a7de259a1d4650bb7ce34a6') in 0.099061 seconds 
========================================================================
Received Import Request.
  Time since last request: 0.000038 seconds.
  path: Assets/ShipControlGame/Prefab/Yellow boat/GreenBoat 7.prefab
  artifactKey: Guid(4741ca37eb13325459062854d69b2e57) Importer(815301076,1909f56bfc062723c751e8b465ee728b)
Start importing Assets/ShipControlGame/Prefab/Yellow boat/GreenBoat 7.prefab using Guid(4741ca37eb13325459062854d69b2e57) Importer(815301076,1909f56bfc062723c751e8b465ee728b)  -> (artifact id: '7ee1d14c79ccf1b1f1265406dad71890') in 0.118233 seconds 
========================================================================
Received Import Request.
  Time since last request: 38.006437 seconds.
  path: Assets/ShipControlGame/Prefab/Green Boats/GreenBoat 2.prefab
  artifactKey: Guid(dfd38684504a4ea47b5ae94f1e47a29b) Importer(815301076,1909f56bfc062723c751e8b465ee728b)
Start importing Assets/ShipControlGame/Prefab/Green Boats/GreenBoat 2.prefab using Guid(dfd38684504a4ea47b5ae94f1e47a29b) Importer(815301076,1909f56bfc062723c751e8b465ee728b)  -> (artifact id: '62f8799e415ebaf3df45e5d942667833') in 0.153062 seconds 
========================================================================
Received Import Request.
  Time since last request: 0.000044 seconds.
  path: Assets/ShipControlGame/Prefab/Green Boats/GreenBoat 5.prefab
  artifactKey: Guid(bd2e810383a29964294372b7174d4743) Importer(815301076,1909f56bfc062723c751e8b465ee728b)
Start importing Assets/ShipControlGame/Prefab/Green Boats/GreenBoat 5.prefab using Guid(bd2e810383a29964294372b7174d4743) Importer(815301076,1909f56bfc062723c751e8b465ee728b)  -> (artifact id: '7ae0e94338a3e327318679cc8ece2cda') in 0.112771 seconds 
========================================================================
Received Import Request.
  Time since last request: 75.235964 seconds.
  path: Assets/ShipControlGame/Prefab/Yellow boat/GreenBoat 2.prefab
  artifactKey: Guid(7c29a7f3f1b5f3644be19a86db4370c2) Importer(815301076,1909f56bfc062723c751e8b465ee728b)
Start importing Assets/ShipControlGame/Prefab/Yellow boat/GreenBoat 2.prefab using Guid(7c29a7f3f1b5f3644be19a86db4370c2) Importer(815301076,1909f56bfc062723c751e8b465ee728b)  -> (artifact id: '0dd2222ab62432cdc5ac6aa3da6498fa') in 0.152711 seconds 
========================================================================
Received Import Request.
  Time since last request: 0.000051 seconds.
  path: Assets/ShipControlGame/Prefab/Yellow boat/GreenBoat 4.prefab
  artifactKey: Guid(5df2808c728b3b74ba93653acc527e83) Importer(815301076,1909f56bfc062723c751e8b465ee728b)
Start importing Assets/ShipControlGame/Prefab/Yellow boat/GreenBoat 4.prefab using Guid(5df2808c728b3b74ba93653acc527e83) Importer(815301076,1909f56bfc062723c751e8b465ee728b)  -> (artifact id: '0ab6228dfafb69c1db8ec452fccdeeab') in 0.100619 seconds 
========================================================================
Received Import Request.
  Time since last request: 0.000023 seconds.
  path: Assets/ShipControlGame/Prefab/Yellow boat/GreenBoat 7.prefab
  artifactKey: Guid(4741ca37eb13325459062854d69b2e57) Importer(815301076,1909f56bfc062723c751e8b465ee728b)
Start importing Assets/ShipControlGame/Prefab/Yellow boat/GreenBoat 7.prefab using Guid(4741ca37eb13325459062854d69b2e57) Importer(815301076,1909f56bfc062723c751e8b465ee728b)  -> (artifact id: '14a735af4c7d471084a27a1b2e8f8ffc') in 0.132774 seconds 
========================================================================
Received Prepare
Registering precompiled user dll's ...
Registered in 0.003847 seconds.
Begin MonoManager ReloadAssembly
Symbol file LoadedFromMemory doesn't match image F:\Work\Unity Game Project\PirateKing\PirateKing\Library\PackageCache\com.unity.visualscripting@1.7.6\Editor\VisualScripting.Core\Dependencies\YamlDotNet\Unity.VisualScripting.YamlDotNet.dll
Symbol file LoadedFromMemory doesn't match image F:\Work\Unity Game Project\PirateKing\PirateKing\Library\PackageCache\com.unity.visualscripting@1.7.6\Editor\VisualScripting.Core\Dependencies\DotNetZip\Unity.VisualScripting.IonicZip.dll
Native extension for WindowsStandalone target not found
Native extension for Android target not found
Refreshing native plugins compatible for Editor in 1.16 ms, found 3 plugins.
Preloading 0 native plugins for Editor in 0.00 ms.
Mono: successfully reloaded assembly
- Completed reload, in  1.061 seconds
Domain Reload Profiling:
	ReloadAssembly (1062ms)
		BeginReloadAssembly (141ms)
			ExecutionOrderSort (0ms)
			DisableScriptedObjects (6ms)
			BackupInstance (0ms)
			ReleaseScriptingObjects (0ms)
			CreateAndSetChildDomain (50ms)
		EndReloadAssembly (836ms)
			LoadAssemblies (82ms)
			RebuildTransferFunctionScriptingTraits (0ms)
			SetupTypeCache (252ms)
			ReleaseScriptCaches (2ms)
			RebuildScriptCaches (44ms)
			SetupLoadedEditorAssemblies (394ms)
				LogAssemblyErrors (0ms)
				InitializePlatformSupportModulesInManaged (21ms)
				SetLoadedEditorAssemblies (0ms)
				RefreshPlugins (1ms)
				BeforeProcessingInitializeOnLoad (76ms)
				ProcessInitializeOnLoadAttributes (217ms)
				ProcessInitializeOnLoadMethodAttributes (71ms)
				AfterProcessingInitializeOnLoad (8ms)
				EditorAssembliesLoaded (0ms)
			ExecutionOrderSort2 (0ms)
			AwakeInstancesAfterBackupRestoration (18ms)
Platform modules already initialized, skipping
Refreshing native plugins compatible for Editor in 2.18 ms, found 3 plugins.
Preloading 0 native plugins for Editor in 0.00 ms.
Unloading 5160 Unused Serialized files (Serialized files now loaded: 0)
Unloading 26 unused Assets / (433.4 KB). Loaded Objects now: 5899.
Memory consumption went from 226.4 MB to 226.0 MB.
Total: 4.692700 ms (FindLiveObjects: 0.627900 ms CreateObjectMapping: 0.165200 ms MarkObjects: 3.551100 ms  DeleteObjects: 0.347300 ms)

AssetImportParameters requested are different than current active one (requested -> active):
  custom:video-decoder-ogg-theora: a1e56fd34408186e4bbccfd4996cb3dc -> 
  custom:container-muxer-webm: aa71ff27fc2769a1b78a27578f13a17b -> 
  custom:container-demuxer-webm: 4f35f7cbe854078d1ac9338744f61a02 -> 
  custom:video-encoder-webm-vp8: eb34c28f22e8b96e1ab97ce403110664 -> 
  custom:audio-encoder-webm-vorbis: bf7c407c2cedff20999df2af8eb42d56 -> 
  custom:framework-win-MediaFoundation: 216162199b28c13a410421893ffa2e32 -> 
  custom:container-demuxer-ogg: 62fdf1f143b41e24485cea50d1cbac27 -> 
  custom:video-decoder-webm-vp8: 9c59270c3fd7afecdb556c50c9e8de78 -> 
  custom:audio-decoder-ogg-vorbis: bf7c407c2cedff20999df2af8eb42d56 -> 
========================================================================
Received Prepare
Registering precompiled user dll's ...
Registered in 0.005082 seconds.
Begin MonoManager ReloadAssembly
Symbol file LoadedFromMemory doesn't match image F:\Work\Unity Game Project\PirateKing\PirateKing\Library\PackageCache\com.unity.visualscripting@1.7.6\Editor\VisualScripting.Core\Dependencies\YamlDotNet\Unity.VisualScripting.YamlDotNet.dll
Symbol file LoadedFromMemory doesn't match image F:\Work\Unity Game Project\PirateKing\PirateKing\Library\PackageCache\com.unity.visualscripting@1.7.6\Editor\VisualScripting.Core\Dependencies\DotNetZip\Unity.VisualScripting.IonicZip.dll
Native extension for WindowsStandalone target not found
Native extension for Android target not found
Refreshing native plugins compatible for Editor in 1.45 ms, found 3 plugins.
Preloading 0 native plugins for Editor in 0.00 ms.
Mono: successfully reloaded assembly
- Completed reload, in  1.031 seconds
Domain Reload Profiling:
	ReloadAssembly (1031ms)
		BeginReloadAssembly (139ms)
			ExecutionOrderSort (0ms)
			DisableScriptedObjects (4ms)
			BackupInstance (0ms)
			ReleaseScriptingObjects (0ms)
			CreateAndSetChildDomain (49ms)
		EndReloadAssembly (805ms)
			LoadAssemblies (80ms)
			RebuildTransferFunctionScriptingTraits (0ms)
			SetupTypeCache (243ms)
			ReleaseScriptCaches (2ms)
			RebuildScriptCaches (43ms)
			SetupLoadedEditorAssemblies (381ms)
				LogAssemblyErrors (0ms)
				InitializePlatformSupportModulesInManaged (18ms)
				SetLoadedEditorAssemblies (1ms)
				RefreshPlugins (2ms)
				BeforeProcessingInitializeOnLoad (70ms)
				ProcessInitializeOnLoadAttributes (214ms)
				ProcessInitializeOnLoadMethodAttributes (68ms)
				AfterProcessingInitializeOnLoad (7ms)
				EditorAssembliesLoaded (0ms)
			ExecutionOrderSort2 (0ms)
			AwakeInstancesAfterBackupRestoration (14ms)
Platform modules already initialized, skipping
Refreshing native plugins compatible for Editor in 2.20 ms, found 3 plugins.
Preloading 0 native plugins for Editor in 0.00 ms.
Unloading 5160 Unused Serialized files (Serialized files now loaded: 0)
Unloading 26 unused Assets / (433.5 KB). Loaded Objects now: 5914.
Memory consumption went from 226.4 MB to 225.9 MB.
Total: 4.215800 ms (FindLiveObjects: 0.597300 ms CreateObjectMapping: 0.160400 ms MarkObjects: 3.102000 ms  DeleteObjects: 0.354100 ms)

AssetImportParameters requested are different than current active one (requested -> active):
  custom:video-decoder-ogg-theora: a1e56fd34408186e4bbccfd4996cb3dc -> 
  custom:container-muxer-webm: aa71ff27fc2769a1b78a27578f13a17b -> 
  custom:container-demuxer-webm: 4f35f7cbe854078d1ac9338744f61a02 -> 
  custom:video-encoder-webm-vp8: eb34c28f22e8b96e1ab97ce403110664 -> 
  custom:audio-encoder-webm-vorbis: bf7c407c2cedff20999df2af8eb42d56 -> 
  custom:framework-win-MediaFoundation: 216162199b28c13a410421893ffa2e32 -> 
  custom:container-demuxer-ogg: 62fdf1f143b41e24485cea50d1cbac27 -> 
  custom:video-decoder-webm-vp8: 9c59270c3fd7afecdb556c50c9e8de78 -> 
  custom:audio-decoder-ogg-vorbis: bf7c407c2cedff20999df2af8eb42d56 -> 
Editor requested this worker to shutdown with reason: Scaling down because of idle timeout
AssetImportWorker is now disconnected from the server
Process exiting
Exiting without the bug reporter. Application will terminate with return code 0